<?xml version="1.0" encoding="UTF-8"?>
<!-- Generated by org.testng.reporters.JUnitReportReporter -->
<testsuite hostname="LAPTOP-H4AIVH69" failures="0" tests="1" name="Reff.DemoTest" time="7.688" errors="0" timestamp="2025-05-09T11:03:52 IST" skipped="0">
  <testcase classname="Reff.DemoTest" name="m1" time="7.688"/>
</testsuite> <!-- Reff.DemoTest -->
