<?xml version="1.0" encoding="UTF-8"?>
<!-- Generated by org.testng.reporters.JUnitReportReporter -->
<testsuite hostname="LAPTOP-H4AIVH69" failures="0" tests="1" name="Reff.test" time="8.358" errors="0" timestamp="2025-05-09T10:58:22 IST" skipped="0">
  <testcase classname="Reff.test" name="m1" time="8.358"/>
</testsuite> <!-- Reff.test -->
